2024-08-06 04:10:31 - 开始从文件加载用户数据: C:\Users\GeekGuru\Downloads\Compressed\StudentSystem\src\..\users.xlsx
2024-08-06 04:10:31 - 文件绝对路径: C:\Users\GeekGuru\Downloads\Compressed\StudentSystem\src\..\users.xlsx
2024-08-06 04:10:31 - 用户文件存在,开始读取数据
2024-08-06 04:10:32 - 读取到用户数据: admin, admin
2024-08-06 04:10:32 - 读取到用户数据: user, user
2024-08-06 04:10:32 - 从文件加载了 2 条用户记录
2024-08-06 04:11:07 - 开始从文件加载用户数据: C:\Users\GeekGuru\Downloads\Compressed\StudentSystem\src\..\users.xlsx
2024-08-06 04:11:07 - 文件绝对路径: C:\Users\GeekGuru\Downloads\Compressed\StudentSystem\src\..\users.xlsx
2024-08-06 04:11:07 - 用户文件存在,开始读取数据
2024-08-06 04:11:08 - 读取到用户数据: admin, admin
2024-08-06 04:11:08 - 读取到用户数据: user, user
2024-08-06 04:11:08 - 从文件加载了 2 条用户记录
2024-08-06 04:13:57 - 开始从文件加载用户数据: C:\Users\GeekGuru\Downloads\Compressed\StudentSystem\src\..\users.xlsx
2024-08-06 04:13:57 - 文件绝对路径: C:\Users\GeekGuru\Downloads\Compressed\StudentSystem\src\..\users.xlsx
2024-08-06 04:13:57 - 用户文件存在,开始读取数据
2024-08-06 04:13:58 - 读取到用户数据: admin, admin
2024-08-06 04:13:58 - 读取到用户数据: user, user
2024-08-06 04:13:58 - 从文件加载了 2 条用户记录
2024-08-06 04:14:11 - 开始从文件加载用户数据: C:\Users\GeekGuru\Downloads\Compressed\StudentSystem\src\..\users.xlsx
2024-08-06 04:14:11 - 文件绝对路径: C:\Users\GeekGuru\Downloads\Compressed\StudentSystem\src\..\users.xlsx
2024-08-06 04:14:11 - 用户文件存在,开始读取数据
2024-08-06 04:14:12 - 读取到用户数据: admin, admin
2024-08-06 04:14:12 - 读取到用户数据: user, user
2024-08-06 04:14:12 - 从文件加载了 2 条用户记录
2024-08-06 04:18:16 - 开始从文件加载用户数据: C:\Users\GeekGuru\Downloads\Compressed\StudentSystem\src\..\users.xlsx
2024-08-06 04:18:16 - 文件绝对路径: C:\Users\GeekGuru\Downloads\Compressed\StudentSystem\src\..\users.xlsx
2024-08-06 04:18:16 - 用户文件存在,开始读取数据
2024-08-06 04:18:17 - 读取到用户数据: admin, admin
2024-08-06 04:18:17 - 读取到用户数据: user, user
2024-08-06 04:18:17 - 从文件加载了 2 条用户记录
2024-08-06 04:43:54 - 开始从文件加载用户数据: C:\Users\GeekGuru\Downloads\Compressed\StudentSystem\src\..\users.xlsx
2024-08-06 04:43:54 - 文件绝对路径: C:\Users\GeekGuru\Downloads\Compressed\StudentSystem\src\..\users.xlsx
2024-08-06 04:43:54 - 用户文件存在,开始读取数据
2024-08-06 04:43:54 - 读取到用户数据: admin, admin
2024-08-06 04:43:54 - 读取到用户数据: user, user
2024-08-06 04:43:54 - 从文件加载了 2 条用户记录
2024-08-06 04:44:04 - 开始从文件加载用户数据: C:\Users\GeekGuru\Downloads\Compressed\StudentSystem\src\..\users.xlsx
2024-08-06 04:44:04 - 文件绝对路径: C:\Users\GeekGuru\Downloads\Compressed\StudentSystem\src\..\users.xlsx
2024-08-06 04:44:04 - 用户文件存在,开始读取数据
2024-08-06 04:44:05 - 读取到用户数据: admin, admin
2024-08-06 04:44:05 - 读取到用户数据: user, user
2024-08-06 04:44:05 - 从文件加载了 2 条用户记录
2024-08-06 04:50:35 - 开始从文件加载用户数据: C:\Users\GeekGuru\Downloads\Compressed\StudentSystem\src\..\users.xlsx
2024-08-06 04:50:35 - 文件绝对路径: C:\Users\GeekGuru\Downloads\Compressed\StudentSystem\src\..\users.xlsx
2024-08-06 04:50:35 - 用户文件存在,开始读取数据
2024-08-06 04:50:35 - 读取到用户数据: admin, admin
2024-08-06 04:50:35 - 读取到用户数据: user, user
2024-08-06 04:50:35 - 从文件加载了 2 条用户记录
2024-08-06 04:52:21 - 开始从文件加载用户数据: C:\Users\GeekGuru\Downloads\Compressed\StudentSystem\src\..\users.xlsx
2024-08-06 04:52:21 - 文件绝对路径: C:\Users\GeekGuru\Downloads\Compressed\StudentSystem\src\..\users.xlsx
2024-08-06 04:52:21 - 用户文件存在,开始读取数据
2024-08-06 04:52:22 - 读取到用户数据: admin, admin
2024-08-06 04:52:22 - 读取到用户数据: user, user
2024-08-06 04:52:22 - 从文件加载了 2 条用户记录
2024-08-06 04:58:39 - 开始从文件加载用户数据: C:\Users\GeekGuru\Downloads\Compressed\StudentSystem\src\users.xlsx
2024-08-06 04:58:39 - 文件绝对路径: C:\Users\GeekGuru\Downloads\Compressed\StudentSystem\src\users.xlsx
2024-08-06 04:58:39 - 用户文件不存在: C:\Users\GeekGuru\Downloads\Compressed\StudentSystem\src\users.xlsx
2024-08-06 04:58:39 - 开始保存用户数据到Excel文件: C:\Users\GeekGuru\Downloads\Compressed\StudentSystem\src\users.xlsx
2024-08-06 04:58:39 - 文件路径: C:\Users\GeekGuru\Downloads\Compressed\StudentSystem\src\users.xlsx
2024-08-06 04:58:39 - 文件是否存在: false
2024-08-06 04:58:39 - 文件是否可写: false
2024-08-06 04:58:40 - 用户数据保存成功,共保存 1 条记录
2024-08-06 04:58:40 - 开始验证保存的用户数据
2024-08-06 04:58:40 - 开始从文件加载用户数据: C:\Users\GeekGuru\Downloads\Compressed\StudentSystem\src\users.xlsx
2024-08-06 04:58:40 - 文件绝对路径: C:\Users\GeekGuru\Downloads\Compressed\StudentSystem\src\users.xlsx
2024-08-06 04:58:40 - 用户文件存在,开始读取数据
2024-08-06 04:58:40 - 读取到用户数据: admin, admin
2024-08-06 04:58:40 - 从文件加载了 1 条用户记录
2024-08-06 04:58:40 - 重新加载的用户数: 1
2024-08-06 04:58:40 - 原始用户数: 1
2024-08-06 04:58:40 - 用户数据验证完成
2024-08-06 04:58:40 - 开始从文件加载用户数据: C:\Users\GeekGuru\Downloads\Compressed\StudentSystem\src\users.xlsx
2024-08-06 04:58:40 - 文件绝对路径: C:\Users\GeekGuru\Downloads\Compressed\StudentSystem\src\users.xlsx
2024-08-06 04:58:40 - 用户文件存在,开始读取数据
2024-08-06 04:58:40 - 读取到用户数据: admin, admin
2024-08-06 04:58:40 - 从文件加载了 1 条用户记录
2024-08-06 04:58:40 - 开始保存用户数据到Excel文件: C:\Users\GeekGuru\Downloads\Compressed\StudentSystem\src\users.xlsx
2024-08-06 04:58:40 - 文件路径: C:\Users\GeekGuru\Downloads\Compressed\StudentSystem\src\users.xlsx
2024-08-06 04:58:40 - 文件是否存在: true
2024-08-06 04:58:40 - 文件是否可写: true
2024-08-06 04:58:40 - 用户数据保存成功,共保存 2 条记录
2024-08-06 04:58:40 - 开始验证保存的用户数据
2024-08-06 04:58:40 - 开始从文件加载用户数据: C:\Users\GeekGuru\Downloads\Compressed\StudentSystem\src\users.xlsx
2024-08-06 04:58:40 - 文件绝对路径: C:\Users\GeekGuru\Downloads\Compressed\StudentSystem\src\users.xlsx
2024-08-06 04:58:40 - 用户文件存在,开始读取数据
2024-08-06 04:58:40 - 读取到用户数据: admin, admin
2024-08-06 04:58:40 - 读取到用户数据: user, user
2024-08-06 04:58:40 - 从文件加载了 2 条用户记录
2024-08-06 04:58:40 - 重新加载的用户数: 2
2024-08-06 04:58:40 - 原始用户数: 2
2024-08-06 04:58:40 - 用户数据验证完成
2024-08-06 04:58:40 - 开始从文件加载用户数据: C:\Users\GeekGuru\Downloads\Compressed\StudentSystem\src\users.xlsx
2024-08-06 04:58:40 - 文件绝对路径: C:\Users\GeekGuru\Downloads\Compressed\StudentSystem\src\users.xlsx
2024-08-06 04:58:40 - 用户文件存在,开始读取数据
2024-08-06 04:58:40 - 读取到用户数据: admin, admin
2024-08-06 04:58:40 - 读取到用户数据: user, user
2024-08-06 04:58:40 - 从文件加载了 2 条用户记录
2024-08-06 05:03:21 - 开始从文件加载用户数据: C:\Users\GeekGuru\Downloads\Compressed\StudentSystem\src\users.xlsx
2024-08-06 05:03:21 - 文件绝对路径: C:\Users\GeekGuru\Downloads\Compressed\StudentSystem\src\users.xlsx
2024-08-06 05:03:21 - 用户文件存在,开始读取数据
2024-08-06 05:03:21 - 读取到用户数据: admin, admin
2024-08-06 05:03:21 - 读取到用户数据: user, user
2024-08-06 05:03:21 - 从文件加载了 2 条用户记录
2024-08-06 05:06:11 - 开始从文件加载用户数据: C:\Users\GeekGuru\Downloads\Compressed\StudentSystem\src\users.xlsx
2024-08-06 05:06:11 - 文件绝对路径: C:\Users\GeekGuru\Downloads\Compressed\StudentSystem\src\users.xlsx
2024-08-06 05:06:11 - 用户文件存在,开始读取数据
2024-08-06 05:06:12 - 读取到用户数据: admin, admin
2024-08-06 05:06:12 - 读取到用户数据: user, user
2024-08-06 05:06:12 - 从文件加载了 2 条用户记录
2024-08-06 05:12:51 - 开始从文件加载用户数据: C:\Users\GeekGuru\Downloads\Compressed\StudentSystem\src\users.xlsx
2024-08-06 05:12:51 - 文件绝对路径: C:\Users\GeekGuru\Downloads\Compressed\StudentSystem\src\users.xlsx
2024-08-06 05:12:51 - 用户文件存在,开始读取数据
2024-08-06 05:12:52 - 读取到用户数据: admin, admin
2024-08-06 05:12:52 - 读取到用户数据: user, user
2024-08-06 05:12:52 - 从文件加载了 2 条用户记录
2024-08-06 05:13:09 - 开始从文件加载用户数据: C:\Users\GeekGuru\Downloads\Compressed\StudentSystem\src\users.xlsx
2024-08-06 05:13:09 - 文件绝对路径: C:\Users\GeekGuru\Downloads\Compressed\StudentSystem\src\users.xlsx
2024-08-06 05:13:09 - 用户文件存在,开始读取数据
2024-08-06 05:13:10 - 读取到用户数据: admin, admin
2024-08-06 05:13:10 - 读取到用户数据: user, user
2024-08-06 05:13:10 - 从文件加载了 2 条用户记录
2024-08-06 05:15:01 - 开始从文件加载用户数据: C:\Users\GeekGuru\Downloads\Compressed\StudentSystem\src\users.xlsx
2024-08-06 05:15:01 - 文件绝对路径: C:\Users\GeekGuru\Downloads\Compressed\StudentSystem\src\users.xlsx
2024-08-06 05:15:01 - 用户文件存在,开始读取数据
2024-08-06 05:15:02 - 读取到用户数据: admin, admin
2024-08-06 05:15:02 - 读取到用户数据: user, user
2024-08-06 05:15:02 - 从文件加载了 2 条用户记录
2024-08-06 05:22:02 - 开始从文件加载用户数据: users.xlsx
2024-08-06 05:22:02 - 文件绝对路径: C:\Users\GeekGuru\Downloads\Compressed\StudentSystem\src\users.xlsx
2024-08-06 05:22:02 - 用户文件不存在: C:\Users\GeekGuru\Downloads\Compressed\StudentSystem\src\users.xlsx
2024-08-06 05:22:02 - 开始保存用户数据到Excel文件: users.xlsx
2024-08-06 05:22:02 - 文件路径: C:\Users\GeekGuru\Downloads\Compressed\StudentSystem\src\users.xlsx
2024-08-06 05:22:02 - 文件是否存在: false
2024-08-06 05:22:02 - 文件是否可写: false
2024-08-06 05:22:03 - 用户数据保存成功,共保存 1 条记录
2024-08-06 05:22:03 - 开始验证保存的用户数据
2024-08-06 05:22:03 - 开始从文件加载用户数据: users.xlsx
2024-08-06 05:22:03 - 文件绝对路径: C:\Users\GeekGuru\Downloads\Compressed\StudentSystem\src\users.xlsx
2024-08-06 05:22:03 - 用户文件存在,开始读取数据
2024-08-06 05:22:04 - 读取到用户数据: admin, admin
2024-08-06 05:22:04 - 从文件加载了 1 条用户记录
2024-08-06 05:22:04 - 重新加载的用户数: 1
2024-08-06 05:22:04 - 原始用户数: 1
2024-08-06 05:22:04 - 用户数据验证完成
2024-08-06 05:22:04 - 开始从文件加载用户数据: users.xlsx
2024-08-06 05:22:04 - 文件绝对路径: C:\Users\GeekGuru\Downloads\Compressed\StudentSystem\src\users.xlsx
2024-08-06 05:22:04 - 用户文件存在,开始读取数据
2024-08-06 05:22:04 - 读取到用户数据: admin, admin
2024-08-06 05:22:04 - 从文件加载了 1 条用户记录
2024-08-06 05:22:04 - 开始保存用户数据到Excel文件: users.xlsx
2024-08-06 05:22:04 - 文件路径: C:\Users\GeekGuru\Downloads\Compressed\StudentSystem\src\users.xlsx
2024-08-06 05:22:04 - 文件是否存在: true
2024-08-06 05:22:04 - 文件是否可写: true
2024-08-06 05:22:04 - 用户数据保存成功,共保存 2 条记录
2024-08-06 05:22:04 - 开始验证保存的用户数据
2024-08-06 05:22:04 - 开始从文件加载用户数据: users.xlsx
2024-08-06 05:22:04 - 文件绝对路径: C:\Users\GeekGuru\Downloads\Compressed\StudentSystem\src\users.xlsx
2024-08-06 05:22:04 - 用户文件存在,开始读取数据
2024-08-06 05:22:04 - 读取到用户数据: admin, admin
2024-08-06 05:22:04 - 读取到用户数据: user, user
2024-08-06 05:22:04 - 从文件加载了 2 条用户记录
2024-08-06 05:22:04 - 重新加载的用户数: 2
2024-08-06 05:22:04 - 原始用户数: 2
2024-08-06 05:22:04 - 用户数据验证完成
2024-08-06 05:22:04 - 开始从文件加载用户数据: users.xlsx
2024-08-06 05:22:04 - 文件绝对路径: C:\Users\GeekGuru\Downloads\Compressed\StudentSystem\src\users.xlsx
2024-08-06 05:22:04 - 用户文件存在,开始读取数据
2024-08-06 05:22:04 - 读取到用户数据: admin, admin
2024-08-06 05:22:04 - 读取到用户数据: user, user
2024-08-06 05:22:04 - 从文件加载了 2 条用户记录
2024-08-06 05:22:20 - 开始从文件加载用户数据: users.xlsx
2024-08-06 05:22:20 - 文件绝对路径: C:\Users\GeekGuru\Downloads\Compressed\StudentSystem\src\users.xlsx
2024-08-06 05:22:20 - 用户文件不存在: C:\Users\GeekGuru\Downloads\Compressed\StudentSystem\src\users.xlsx
2024-08-06 05:22:20 - 开始保存用户数据到Excel文件: users.xlsx
2024-08-06 05:22:20 - 文件路径: C:\Users\GeekGuru\Downloads\Compressed\StudentSystem\src\users.xlsx
2024-08-06 05:22:20 - 文件是否存在: false
2024-08-06 05:22:20 - 文件是否可写: false
2024-08-06 05:22:22 - 用户数据保存成功,共保存 1 条记录
2024-08-06 05:22:22 - 开始验证保存的用户数据
2024-08-06 05:22:22 - 开始从文件加载用户数据: users.xlsx
2024-08-06 05:22:22 - 文件绝对路径: C:\Users\GeekGuru\Downloads\Compressed\StudentSystem\src\users.xlsx
2024-08-06 05:22:22 - 用户文件存在,开始读取数据
2024-08-06 05:22:22 - 读取到用户数据: admin, admin
2024-08-06 05:22:22 - 从文件加载了 1 条用户记录
2024-08-06 05:22:22 - 重新加载的用户数: 1
2024-08-06 05:22:22 - 原始用户数: 1
2024-08-06 05:22:22 - 用户数据验证完成
2024-08-06 05:22:22 - 开始从文件加载用户数据: users.xlsx
2024-08-06 05:22:22 - 文件绝对路径: C:\Users\GeekGuru\Downloads\Compressed\StudentSystem\src\users.xlsx
2024-08-06 05:22:22 - 用户文件存在,开始读取数据
2024-08-06 05:22:22 - 读取到用户数据: admin, admin
2024-08-06 05:22:22 - 从文件加载了 1 条用户记录
2024-08-06 05:22:22 - 开始保存用户数据到Excel文件: users.xlsx
2024-08-06 05:22:22 - 文件路径: C:\Users\GeekGuru\Downloads\Compressed\StudentSystem\src\users.xlsx
2024-08-06 05:22:22 - 文件是否存在: true
2024-08-06 05:22:22 - 文件是否可写: true
2024-08-06 05:22:22 - 用户数据保存成功,共保存 2 条记录
2024-08-06 05:22:22 - 开始验证保存的用户数据
2024-08-06 05:22:22 - 开始从文件加载用户数据: users.xlsx
2024-08-06 05:22:22 - 文件绝对路径: C:\Users\GeekGuru\Downloads\Compressed\StudentSystem\src\users.xlsx
2024-08-06 05:22:22 - 用户文件存在,开始读取数据
2024-08-06 05:22:22 - 读取到用户数据: admin, admin
2024-08-06 05:22:22 - 读取到用户数据: user, user
2024-08-06 05:22:22 - 从文件加载了 2 条用户记录
2024-08-06 05:22:22 - 重新加载的用户数: 2
2024-08-06 05:22:22 - 原始用户数: 2
2024-08-06 05:22:22 - 用户数据验证完成
2024-08-06 05:22:22 - 开始从文件加载用户数据: users.xlsx
2024-08-06 05:22:22 - 文件绝对路径: C:\Users\GeekGuru\Downloads\Compressed\StudentSystem\src\users.xlsx
2024-08-06 05:22:22 - 用户文件存在,开始读取数据
2024-08-06 05:22:22 - 读取到用户数据: admin, admin
2024-08-06 05:22:22 - 读取到用户数据: user, user
2024-08-06 05:22:22 - 从文件加载了 2 条用户记录
2024-08-06 05:34:31 - 开始从文件加载用户数据: users.xlsx
2024-08-06 05:34:31 - 文件绝对路径: C:\Users\GeekGuru\Downloads\Compressed\StudentSystem\src\users.xlsx
2024-08-06 05:34:31 - 用户文件不存在: C:\Users\GeekGuru\Downloads\Compressed\StudentSystem\src\users.xlsx
2024-08-06 05:34:31 - 开始保存用户数据到Excel文件: users.xlsx
2024-08-06 05:34:31 - 文件路径: C:\Users\GeekGuru\Downloads\Compressed\StudentSystem\src\users.xlsx
2024-08-06 05:34:31 - 文件是否存在: false
2024-08-06 05:34:31 - 文件是否可写: false
2024-08-06 05:34:32 - 用户数据保存成功,共保存 1 条记录
2024-08-06 05:34:32 - 开始验证保存的用户数据
2024-08-06 05:34:32 - 开始从文件加载用户数据: users.xlsx
2024-08-06 05:34:32 - 文件绝对路径: C:\Users\GeekGuru\Downloads\Compressed\StudentSystem\src\users.xlsx
2024-08-06 05:34:32 - 用户文件存在,开始读取数据
2024-08-06 05:34:32 - 读取到用户数据: admin, admin
2024-08-06 05:34:32 - 从文件加载了 1 条用户记录
2024-08-06 05:34:32 - 重新加载的用户数: 1
2024-08-06 05:34:32 - 原始用户数: 1
2024-08-06 05:34:32 - 用户数据验证完成
2024-08-06 05:34:32 - 开始从文件加载用户数据: users.xlsx
2024-08-06 05:34:32 - 文件绝对路径: C:\Users\GeekGuru\Downloads\Compressed\StudentSystem\src\users.xlsx
2024-08-06 05:34:32 - 用户文件存在,开始读取数据
2024-08-06 05:34:32 - 读取到用户数据: admin, admin
2024-08-06 05:34:32 - 从文件加载了 1 条用户记录
2024-08-06 05:34:32 - 开始保存用户数据到Excel文件: users.xlsx
2024-08-06 05:34:32 - 文件路径: C:\Users\GeekGuru\Downloads\Compressed\StudentSystem\src\users.xlsx
2024-08-06 05:34:32 - 文件是否存在: true
2024-08-06 05:34:32 - 文件是否可写: true
2024-08-06 05:34:32 - 用户数据保存成功,共保存 2 条记录
2024-08-06 05:34:32 - 开始验证保存的用户数据
2024-08-06 05:34:32 - 开始从文件加载用户数据: users.xlsx
2024-08-06 05:34:32 - 文件绝对路径: C:\Users\GeekGuru\Downloads\Compressed\StudentSystem\src\users.xlsx
2024-08-06 05:34:32 - 用户文件存在,开始读取数据
2024-08-06 05:34:32 - 读取到用户数据: admin, admin
2024-08-06 05:34:32 - 读取到用户数据: user, user
2024-08-06 05:34:32 - 从文件加载了 2 条用户记录
2024-08-06 05:34:32 - 重新加载的用户数: 2
2024-08-06 05:34:32 - 原始用户数: 2
2024-08-06 05:34:32 - 用户数据验证完成
2024-08-06 05:34:32 - 开始从文件加载用户数据: users.xlsx
2024-08-06 05:34:32 - 文件绝对路径: C:\Users\GeekGuru\Downloads\Compressed\StudentSystem\src\users.xlsx
2024-08-06 05:34:32 - 用户文件存在,开始读取数据
2024-08-06 05:34:32 - 读取到用户数据: admin, admin
2024-08-06 05:34:32 - 读取到用户数据: user, user
2024-08-06 05:34:32 - 从文件加载了 2 条用户记录
2024-08-06 05:35:23 - 开始从文件加载用户数据: users.xlsx
2024-08-06 05:35:23 - 文件绝对路径: C:\Users\GeekGuru\Downloads\Compressed\StudentSystem\src\users.xlsx
2024-08-06 05:35:23 - 用户文件不存在: C:\Users\GeekGuru\Downloads\Compressed\StudentSystem\src\users.xlsx
2024-08-06 05:35:23 - 开始保存用户数据到Excel文件: users.xlsx
2024-08-06 05:35:23 - 文件路径: C:\Users\GeekGuru\Downloads\Compressed\StudentSystem\src\users.xlsx
2024-08-06 05:35:23 - 文件是否存在: false
2024-08-06 05:35:23 - 文件是否可写: false
2024-08-06 05:35:24 - 用户数据保存成功,共保存 1 条记录
2024-08-06 05:35:24 - 开始验证保存的用户数据
2024-08-06 05:35:24 - 开始从文件加载用户数据: users.xlsx
2024-08-06 05:35:24 - 文件绝对路径: C:\Users\GeekGuru\Downloads\Compressed\StudentSystem\src\users.xlsx
2024-08-06 05:35:24 - 用户文件存在,开始读取数据
2024-08-06 05:35:24 - 读取到用户数据: admin, admin
2024-08-06 05:35:24 - 从文件加载了 1 条用户记录
2024-08-06 05:35:24 - 重新加载的用户数: 1
2024-08-06 05:35:24 - 原始用户数: 1
2024-08-06 05:35:24 - 用户数据验证完成
2024-08-06 05:35:24 - 开始从文件加载用户数据: users.xlsx
2024-08-06 05:35:24 - 文件绝对路径: C:\Users\GeekGuru\Downloads\Compressed\StudentSystem\src\users.xlsx
2024-08-06 05:35:24 - 用户文件存在,开始读取数据
2024-08-06 05:35:24 - 读取到用户数据: admin, admin
2024-08-06 05:35:24 - 从文件加载了 1 条用户记录
2024-08-06 05:35:24 - 开始保存用户数据到Excel文件: users.xlsx
2024-08-06 05:35:24 - 文件路径: C:\Users\GeekGuru\Downloads\Compressed\StudentSystem\src\users.xlsx
2024-08-06 05:35:24 - 文件是否存在: true
2024-08-06 05:35:24 - 文件是否可写: true
2024-08-06 05:35:24 - 用户数据保存成功,共保存 2 条记录
2024-08-06 05:35:24 - 开始验证保存的用户数据
2024-08-06 05:35:24 - 开始从文件加载用户数据: users.xlsx
2024-08-06 05:35:24 - 文件绝对路径: C:\Users\GeekGuru\Downloads\Compressed\StudentSystem\src\users.xlsx
2024-08-06 05:35:24 - 用户文件存在,开始读取数据
2024-08-06 05:35:24 - 读取到用户数据: admin, admin
2024-08-06 05:35:24 - 读取到用户数据: user, user
2024-08-06 05:35:24 - 从文件加载了 2 条用户记录
2024-08-06 05:35:24 - 重新加载的用户数: 2
2024-08-06 05:35:24 - 原始用户数: 2
2024-08-06 05:35:24 - 用户数据验证完成
2024-08-06 05:35:24 - 开始从文件加载用户数据: users.xlsx
2024-08-06 05:35:24 - 文件绝对路径: C:\Users\GeekGuru\Downloads\Compressed\StudentSystem\src\users.xlsx
2024-08-06 05:35:24 - 用户文件存在,开始读取数据
2024-08-06 05:35:24 - 读取到用户数据: admin, admin
2024-08-06 05:35:24 - 读取到用户数据: user, user
2024-08-06 05:35:24 - 从文件加载了 2 条用户记录
2024-08-06 05:35:40 - 开始从文件加载用户数据: users.xlsx
2024-08-06 05:35:40 - 文件绝对路径: C:\Users\GeekGuru\Downloads\Compressed\StudentSystem\src\users.xlsx
2024-08-06 05:35:40 - 用户文件存在,开始读取数据
2024-08-06 05:35:41 - 读取到用户数据: admin, admin
2024-08-06 05:35:41 - 读取到用户数据: user, user
2024-08-06 05:35:41 - 从文件加载了 2 条用户记录
2024-08-06 05:36:25 - 开始从文件加载用户数据: userrs.xlsx
2024-08-06 05:36:25 - 文件绝对路径: C:\Users\GeekGuru\Downloads\Compressed\StudentSystem\src\userrs.xlsx
2024-08-06 05:36:25 - 用户文件不存在: C:\Users\GeekGuru\Downloads\Compressed\StudentSystem\src\userrs.xlsx
2024-08-06 05:36:25 - 开始保存用户数据到Excel文件: userrs.xlsx
2024-08-06 05:36:25 - 文件路径: C:\Users\GeekGuru\Downloads\Compressed\StudentSystem\src\userrs.xlsx
2024-08-06 05:36:25 - 文件是否存在: false
2024-08-06 05:36:25 - 文件是否可写: false
2024-08-06 05:36:26 - 用户数据保存成功,共保存 1 条记录
2024-08-06 05:36:26 - 开始验证保存的用户数据
2024-08-06 05:36:26 - 开始从文件加载用户数据: userrs.xlsx
2024-08-06 05:36:26 - 文件绝对路径: C:\Users\GeekGuru\Downloads\Compressed\StudentSystem\src\userrs.xlsx
2024-08-06 05:36:26 - 用户文件存在,开始读取数据
2024-08-06 05:36:26 - 读取到用户数据: admin, admin
2024-08-06 05:36:26 - 从文件加载了 1 条用户记录
2024-08-06 05:36:26 - 重新加载的用户数: 1
2024-08-06 05:36:26 - 原始用户数: 1
2024-08-06 05:36:26 - 用户数据验证完成
2024-08-06 05:36:26 - 开始从文件加载用户数据: userrs.xlsx
2024-08-06 05:36:26 - 文件绝对路径: C:\Users\GeekGuru\Downloads\Compressed\StudentSystem\src\userrs.xlsx
2024-08-06 05:36:26 - 用户文件存在,开始读取数据
2024-08-06 05:36:26 - 读取到用户数据: admin, admin
2024-08-06 05:36:26 - 从文件加载了 1 条用户记录
2024-08-06 05:36:26 - 开始保存用户数据到Excel文件: userrs.xlsx
2024-08-06 05:36:26 - 文件路径: C:\Users\GeekGuru\Downloads\Compressed\StudentSystem\src\userrs.xlsx
2024-08-06 05:36:26 - 文件是否存在: true
2024-08-06 05:36:26 - 文件是否可写: true
2024-08-06 05:36:26 - 用户数据保存成功,共保存 2 条记录
2024-08-06 05:36:26 - 开始验证保存的用户数据
2024-08-06 05:36:26 - 开始从文件加载用户数据: userrs.xlsx
2024-08-06 05:36:26 - 文件绝对路径: C:\Users\GeekGuru\Downloads\Compressed\StudentSystem\src\userrs.xlsx
2024-08-06 05:36:26 - 用户文件存在,开始读取数据
2024-08-06 05:36:26 - 读取到用户数据: admin, admin
2024-08-06 05:36:26 - 读取到用户数据: user, user
2024-08-06 05:36:26 - 从文件加载了 2 条用户记录
2024-08-06 05:36:26 - 重新加载的用户数: 2
2024-08-06 05:36:26 - 原始用户数: 2
2024-08-06 05:36:26 - 用户数据验证完成
2024-08-06 05:36:26 - 开始从文件加载用户数据: userrs.xlsx
2024-08-06 05:36:26 - 文件绝对路径: C:\Users\GeekGuru\Downloads\Compressed\StudentSystem\src\userrs.xlsx
2024-08-06 05:36:26 - 用户文件存在,开始读取数据
2024-08-06 05:36:26 - 读取到用户数据: admin, admin
2024-08-06 05:36:26 - 读取到用户数据: user, user
2024-08-06 05:36:26 - 从文件加载了 2 条用户记录
2024-08-06 05:37:05 - 开始从文件加载用户数据: users.xlsx
2024-08-06 05:37:05 - 文件绝对路径: C:\Users\GeekGuru\Downloads\Compressed\StudentSystem\src\users.xlsx
2024-08-06 05:37:05 - 用户文件不存在: C:\Users\GeekGuru\Downloads\Compressed\StudentSystem\src\users.xlsx
2024-08-06 05:37:05 - 开始保存用户数据到Excel文件: users.xlsx
2024-08-06 05:37:05 - 文件路径: C:\Users\GeekGuru\Downloads\Compressed\StudentSystem\src\users.xlsx
2024-08-06 05:37:05 - 文件是否存在: false
2024-08-06 05:37:05 - 文件是否可写: false
2024-08-06 05:37:08 - 读取到用户数据: admin, admin
2024-08-06 05:37:08 - 从文件加载了 1 条用户记录
2024-08-06 05:37:08 - 重新加载的用户数: 1
2024-08-06 05:37:08 - 原始用户数: 1
2024-08-06 05:37:08 - 用户数据验证完成
2024-08-06 05:37:08 - 开始从文件加载用户数据: users.xlsx
2024-08-06 05:37:08 - 文件绝对路径: C:\Users\GeekGuru\Downloads\Compressed\StudentSystem\src\users.xlsx
2024-08-06 05:37:08 - 用户文件存在,开始读取数据
2024-08-06 05:37:08 - 读取到用户数据: admin, admin
2024-08-06 05:37:08 - 从文件加载了 1 条用户记录
2024-08-06 05:37:08 - 开始保存用户数据到Excel文件: users.xlsx
2024-08-06 05:37:08 - 文件路径: C:\Users\GeekGuru\Downloads\Compressed\StudentSystem\src\users.xlsx
2024-08-06 05:37:08 - 文件是否存在: true
2024-08-06 05:37:08 - 文件是否可写: true
2024-08-06 05:37:09 - 用户数据保存成功,共保存 2 条记录
2024-08-06 05:37:09 - 开始验证保存的用户数据
2024-08-06 05:37:09 - 开始从文件加载用户数据: users.xlsx
2024-08-06 05:37:09 - 文件绝对路径: C:\Users\GeekGuru\Downloads\Compressed\StudentSystem\src\users.xlsx
2024-08-06 05:37:09 - 用户文件存在,开始读取数据
2024-08-06 05:37:09 - 读取到用户数据: admin, admin
2024-08-06 05:37:09 - 读取到用户数据: user, user
2024-08-06 05:37:09 - 从文件加载了 2 条用户记录
2024-08-06 05:37:09 - 重新加载的用户数: 2
2024-08-06 05:37:09 - 原始用户数: 2
2024-08-06 05:37:09 - 用户数据验证完成
2024-08-06 05:37:09 - 开始从文件加载用户数据: users.xlsx
2024-08-06 05:37:09 - 文件绝对路径: C:\Users\GeekGuru\Downloads\Compressed\StudentSystem\src\users.xlsx
2024-08-06 05:37:09 - 用户文件存在,开始读取数据
2024-08-06 05:37:09 - 读取到用户数据: admin, admin
2024-08-06 05:37:09 - 读取到用户数据: user, user
2024-08-06 05:37:09 - 从文件加载了 2 条用户记录
2024-08-06 05:37:33 - 开始从文件加载用户数据: users.xlsx
2024-08-06 05:37:33 - 文件绝对路径: C:\Users\GeekGuru\Downloads\Compressed\StudentSystem\src\users.xlsx
2024-08-06 05:37:33 - 用户文件存在,开始读取数据
2024-08-06 05:37:34 - 读取到用户数据: admin, admin
2024-08-06 05:37:34 - 读取到用户数据: user, user
2024-08-06 05:37:34 - 从文件加载了 2 条用户记录
2024-08-06 05:41:14 - 开始从文件加载用户数据: ..\users.xlsx
2024-08-06 05:41:14 - 文件绝对路径: C:\Users\GeekGuru\Downloads\Compressed\StudentSystem\src\..\users.xlsx
2024-08-06 05:41:14 - 用户文件存在,开始读取数据
2024-08-06 05:41:14 - 读取到用户数据: admin, admin
2024-08-06 05:41:14 - 读取到用户数据: user, user
2024-08-06 05:41:14 - 从文件加载了 2 条用户记录
2024-08-06 05:43:18 - 开始从文件加载用户数据: ..\users.xlsx
2024-08-06 05:43:18 - 文件绝对路径: C:\Users\GeekGuru\Downloads\Compressed\StudentSystem\src\..\users.xlsx
2024-08-06 05:43:18 - 用户文件存在,开始读取数据
2024-08-06 05:43:20 - 读取到用户数据: admin, admin
2024-08-06 05:43:20 - 读取到用户数据: user, user
2024-08-06 05:43:20 - 从文件加载了 2 条用户记录
2024-08-06 05:44:53 - 开始从文件加载用户数据: ..\users.xlsx
2024-08-06 05:44:53 - 文件绝对路径: C:\Users\GeekGuru\Downloads\Compressed\StudentSystem\src\..\users.xlsx
2024-08-06 05:44:53 - 用户文件存在,开始读取数据
2024-08-06 05:44:55 - 读取到用户数据: admin, admin
2024-08-06 05:44:55 - 读取到用户数据: user, user
2024-08-06 05:44:55 - 从文件加载了 2 条用户记录
2024-08-06 05:47:00 - 开始从文件加载用户数据: ..\users.xlsx
2024-08-06 05:47:00 - 文件绝对路径: C:\Users\GeekGuru\Downloads\Compressed\StudentSystem\src\..\users.xlsx
2024-08-06 05:47:00 - 用户文件存在,开始读取数据
2024-08-06 05:47:01 - 读取到用户数据: admin, admin
2024-08-06 05:47:01 - 读取到用户数据: user, user
2024-08-06 05:47:01 - 从文件加载了 2 条用户记录
2024-08-06 05:51:26 - 开始从文件加载用户数据: ..\users.xlsx
2024-08-06 05:51:26 - 文件绝对路径: C:\Users\GeekGuru\Downloads\Compressed\StudentSystem\src\..\users.xlsx
2024-08-06 05:51:26 - 用户文件存在,开始读取数据
2024-08-06 05:51:26 - 读取到用户数据: admin, admin
2024-08-06 05:51:26 - 读取到用户数据: user, user
2024-08-06 05:51:26 - 从文件加载了 2 条用户记录
2024-08-06 06:07:54 - 开始从文件加载用户数据: C:\Users\GeekGuru\Downloads\Compressed\StudentSystem\src\..\users.xlsx
2024-08-06 06:07:54 - 文件绝对路径: C:\Users\GeekGuru\Downloads\Compressed\StudentSystem\src\..\users.xlsx
2024-08-06 06:07:54 - 用户文件存在,开始读取数据
2024-08-06 06:07:55 - 读取到用户数据: admin, admin
2024-08-06 06:07:55 - 读取到用户数据: user, user
2024-08-06 06:07:55 - 从文件加载了 2 条用户记录
2024-08-06 06:09:20 - 开始从文件加载用户数据: C:\Users\GeekGuru\Downloads\Compressed\StudentSystem\src\..\users.xlsx
2024-08-06 06:09:20 - 文件绝对路径: C:\Users\GeekGuru\Downloads\Compressed\StudentSystem\src\..\users.xlsx
2024-08-06 06:09:20 - 用户文件存在,开始读取数据
2024-08-06 06:09:21 - 读取到用户数据: admin, admin
2024-08-06 06:09:21 - 读取到用户数据: user, user
2024-08-06 06:09:21 - 从文件加载了 2 条用户记录
2024-08-06 06:21:36 - 开始从文件加载用户数据: C:\Users\GeekGuru\Downloads\Compressed\StudentSystem\src\..\users.xlsx
2024-08-06 06:21:36 - 文件绝对路径: C:\Users\GeekGuru\Downloads\Compressed\StudentSystem\src\..\users.xlsx
2024-08-06 06:21:36 - 用户文件存在,开始读取数据
2024-08-06 06:21:37 - 读取到用户数据: admin, admin
2024-08-06 06:21:37 - 读取到用户数据: user, user
2024-08-06 06:21:37 - 从文件加载了 2 条用户记录
2024-08-06 06:23:03 - 开始从文件加载用户数据: C:\Users\GeekGuru\Downloads\Compressed\StudentSystem\src\..\users.xlsx
2024-08-06 06:23:03 - 文件绝对路径: C:\Users\GeekGuru\Downloads\Compressed\StudentSystem\src\..\users.xlsx
2024-08-06 06:23:03 - 用户文件存在,开始读取数据
2024-08-06 06:23:04 - 读取到用户数据: admin, admin
2024-08-06 06:23:04 - 读取到用户数据: user, user
2024-08-06 06:23:04 - 从文件加载了 2 条用户记录
2024-08-06 06:56:54 - 开始从文件加载用户数据: C:\Users\GeekGuru\Downloads\Compressed\StudentSystem\src\..\users.xlsx
2024-08-06 06:56:54 - 文件绝对路径: C:\Users\GeekGuru\Downloads\Compressed\StudentSystem\src\..\users.xlsx
2024-08-06 06:56:54 - 用户文件存在,开始读取数据
2024-08-06 06:56:55 - 读取到用户数据: admin, admin
2024-08-06 06:56:55 - 读取到用户数据: user, user
2024-08-06 06:56:55 - 从文件加载了 2 条用户记录
2024-08-06 07:13:43 - 开始从文件加载用户数据: C:\Users\GeekGuru\Downloads\Compressed\StudentSystem\src\..\users.xlsx
2024-08-06 07:13:43 - 文件绝对路径: C:\Users\GeekGuru\Downloads\Compressed\StudentSystem\src\..\users.xlsx
2024-08-06 07:13:43 - 用户文件存在,开始读取数据
2024-08-06 07:13:43 - 读取到用户数据: admin, admin
2024-08-06 07:13:43 - 读取到用户数据: user, user
2024-08-06 07:13:43 - 从文件加载了 2 条用户记录
2024-08-06 07:15:23 - 开始从文件加载用户数据: C:\Users\GeekGuru\Downloads\Compressed\StudentSystem\src\..\users.xlsx
2024-08-06 07:15:23 - 文件绝对路径: C:\Users\GeekGuru\Downloads\Compressed\StudentSystem\src\..\users.xlsx
2024-08-06 07:15:23 - 用户文件存在,开始读取数据
2024-08-06 07:15:24 - 读取到用户数据: admin, admin
2024-08-06 07:15:24 - 读取到用户数据: user, user
2024-08-06 07:15:24 - 从文件加载了 2 条用户记录
2024-08-06 08:15:22 - 开始从文件加载用户数据: C:\Users\GeekGuru\Downloads\Compressed\StudentSystem\src\..\users.xlsx
2024-08-06 08:15:22 - 文件绝对路径: C:\Users\GeekGuru\Downloads\Compressed\StudentSystem\src\..\users.xlsx
2024-08-06 08:15:22 - 用户文件存在,开始读取数据
2024-08-06 08:15:22 - 读取到用户数据: admin_test, admin
2024-08-06 08:15:22 - 读取到用户数据: user, user
2024-08-06 08:15:22 - 从文件加载了 2 条用户记录
2024-08-06 08:18:38 - 开始从文件加载用户数据: C:\Users\GeekGuru\Downloads\Compressed\StudentSystem\src\users.xlsx
2024-08-06 08:18:38 - 文件绝对路径: C:\Users\GeekGuru\Downloads\Compressed\StudentSystem\src\users.xlsx
2024-08-06 08:18:38 - 用户文件不存在: C:\Users\GeekGuru\Downloads\Compressed\StudentSystem\src\users.xlsx
2024-08-06 08:26:01 - 开始从文件加载用户数据: C:\Users\GeekGuru\Downloads\Compressed\StudentSystem\src\users.xlsx
2024-08-06 08:26:01 - 文件绝对路径: C:\Users\GeekGuru\Downloads\Compressed\StudentSystem\src\users.xlsx
2024-08-06 08:26:01 - 用户文件不存在: C:\Users\GeekGuru\Downloads\Compressed\StudentSystem\src\users.xlsx
2024-08-06 08:27:01 - 开始从文件加载用户数据: C:\Users\GeekGuru\Downloads\Compressed\StudentSystem\src\users.xlsx
2024-08-06 08:27:01 - 文件绝对路径: C:\Users\GeekGuru\Downloads\Compressed\StudentSystem\src\users.xlsx
2024-08-06 08:27:01 - 用户文件不存在: C:\Users\GeekGuru\Downloads\Compressed\StudentSystem\src\users.xlsx
2024-08-06 08:27:32 - 开始从文件加载用户数据: C:\Users\GeekGuru\Downloads\Compressed\StudentSystem\src\users.xlsx
2024-08-06 08:27:32 - 文件绝对路径: C:\Users\GeekGuru\Downloads\Compressed\StudentSystem\src\users.xlsx
2024-08-06 08:27:32 - 用户文件不存在: C:\Users\GeekGuru\Downloads\Compressed\StudentSystem\src\users.xlsx
2024-08-06 08:30:21 - 开始从文件加载用户数据: C:\Users\GeekGuru\Downloads\Compressed\StudentSystem\src\users.xlsx
2024-08-06 08:30:21 - 文件绝对路径: C:\Users\GeekGuru\Downloads\Compressed\StudentSystem\src\users.xlsx
2024-08-06 08:30:21 - 用户文件不存在: C:\Users\GeekGuru\Downloads\Compressed\StudentSystem\src\users.xlsx
2024-08-06 08:30:40 - 开始从文件加载用户数据: C:\Users\GeekGuru\Downloads\Compressed\StudentSystem\src\users.xlsx
2024-08-06 08:30:40 - 文件绝对路径: C:\Users\GeekGuru\Downloads\Compressed\StudentSystem\src\users.xlsx
2024-08-06 08:30:40 - 用户文件不存在: C:\Users\GeekGuru\Downloads\Compressed\StudentSystem\src\users.xlsx
2024-08-06 08:32:40 - 开始从文件加载用户数据: C:\Users\GeekGuru\Downloads\Compressed\StudentSystem\src\users.xlsx
2024-08-06 08:32:40 - 文件绝对路径: C:\Users\GeekGuru\Downloads\Compressed\StudentSystem\src\users.xlsx
2024-08-06 08:32:40 - 用户文件不存在: C:\Users\GeekGuru\Downloads\Compressed\StudentSystem\src\users.xlsx
2024-08-06 08:32:58 - 开始从文件加载用户数据: C:\Users\GeekGuru\Downloads\Compressed\StudentSystem\src\users.xlsx
2024-08-06 08:32:58 - 文件绝对路径: C:\Users\GeekGuru\Downloads\Compressed\StudentSystem\src\users.xlsx
2024-08-06 08:32:58 - 用户文件不存在: C:\Users\GeekGuru\Downloads\Compressed\StudentSystem\src\users.xlsx
2024-08-06 08:38:40 - 开始从文件加载用户数据: C:\Users\GeekGuru\Downloads\Compressed\StudentSystem\users.xlsx
2024-08-06 08:38:40 - 文件绝对路径: C:\Users\GeekGuru\Downloads\Compressed\StudentSystem\users.xlsx
2024-08-06 08:38:40 - 用户文件存在,开始读取数据
2024-08-06 08:38:41 - 读取到用户数据: admin_test, admin
2024-08-06 08:38:41 - 读取到用户数据: user, user
2024-08-06 08:38:41 - 从文件加载了 2 条用户记录
